<?xml version="1.0" encoding="UTF-8"?>
<testng-results ignored="0" total="3" passed="3" failed="0" skipped="0">
  <reporter-output>
  </reporter-output>
  <suite started-at="2021-06-14T00:31:30 IST" name="Default suite" finished-at="2021-06-14T00:31:33 IST" duration-ms="3225">
    <groups>
    </groups>
    <test started-at="2021-06-14T00:31:30 IST" name="Default test" finished-at="2021-06-14T00:31:33 IST" duration-ms="3225">
      <class name="JiraTests">
        <test-method signature="logInToJira()[pri:0, instance:JiraTests@13b13b5d]" started-at="2021-06-14T00:31:30 IST" name="logInToJira" finished-at="2021-06-14T00:31:33 IST" duration-ms="2866" status="PASS">
          <reporter-output>
          </reporter-output>
        </test-method> <!-- logInToJira -->
        <test-method signature="addAttachment()[pri:0, instance:JiraTests@13b13b5d]" started-at="2021-06-14T00:31:33 IST" name="addAttachment" finished-at="2021-06-14T00:31:33 IST" depends-on-methods="JiraTests.logInToJira" duration-ms="215" status="PASS">
          <reporter-output>
          </reporter-output>
        </test-method> <!-- addAttachment -->
        <test-method signature="addComment()[pri:0, instance:JiraTests@13b13b5d]" started-at="2021-06-14T00:31:33 IST" name="addComment" finished-at="2021-06-14T00:31:33 IST" depends-on-methods="JiraTests.logInToJira" duration-ms="89" status="PASS">
          <reporter-output>
          </reporter-output>
        </test-method> <!-- addComment -->
      </class> <!-- JiraTests -->
    </test> <!-- Default test -->
  </suite> <!-- Default suite -->
</testng-results>
